<?xml version="1.0" encoding="UTF-8"?>
<testsuite xmlns:xsi="http://www.w3.org/2001/XMLSchema-instance" xsi:noNamespaceSchemaLocation="https://maven.apache.org/surefire/maven-surefire-plugin/xsd/surefire-test-report.xsd" name="com.leeyou.search.service.UserServiceTest" time="0.016" tests="1" errors="0" skipped="0" failures="0">
  <properties>
    <property name="java.specification.version" value="21"/>
    <property name="sun.cpu.isalist" value="amd64"/>
    <property name="sun.jnu.encoding" value="GBK"/>
    <property name="java.class.path" value="D:\code\search-leeyou\search-leeyou-backend\target\test-classes;D:\code\search-leeyou\search-leeyou-backend\target\classes;D:\develop\apache-maven-3.9.9\mvn_repo\org\springframework\boot\spring-boot-starter-freemarker\2.7.2\spring-boot-starter-freemarker-2.7.2.jar;D:\develop\apache-maven-3.9.9\mvn_repo\org\springframework\boot\spring-boot-starter\2.7.2\spring-boot-starter-2.7.2.jar;D:\develop\apache-maven-3.9.9\mvn_repo\org\springframework\boot\spring-boot-starter-logging\2.7.2\spring-boot-starter-logging-2.7.2.jar;D:\develop\apache-maven-3.9.9\mvn_repo\ch\qos\logback\logback-classic\1.2.11\logback-classic-1.2.11.jar;D:\develop\apache-maven-3.9.9\mvn_repo\ch\qos\logback\logback-core\1.2.11\logback-core-1.2.11.jar;D:\develop\apache-maven-3.9.9\mvn_repo\org\apache\logging\log4j\log4j-to-slf4j\2.17.2\log4j-to-slf4j-2.17.2.jar;D:\develop\apache-maven-3.9.9\mvn_repo\org\apache\logging\log4j\log4j-api\2.17.2\log4j-api-2.17.2.jar;D:\develop\apache-maven-3.9.9\mvn_repo\org\slf4j\jul-to-slf4j\1.7.36\jul-to-slf4j-1.7.36.jar;D:\develop\apache-maven-3.9.9\mvn_repo\jakarta\annotation\jakarta.annotation-api\1.3.5\jakarta.annotation-api-1.3.5.jar;D:\develop\apache-maven-3.9.9\mvn_repo\org\yaml\snakeyaml\1.30\snakeyaml-1.30.jar;D:\develop\apache-maven-3.9.9\mvn_repo\org\freemarker\freemarker\2.3.31\freemarker-2.3.31.jar;D:\develop\apache-maven-3.9.9\mvn_repo\org\springframework\spring-context-support\5.3.22\spring-context-support-5.3.22.jar;D:\develop\apache-maven-3.9.9\mvn_repo\org\springframework\spring-beans\5.3.22\spring-beans-5.3.22.jar;D:\develop\apache-maven-3.9.9\mvn_repo\org\springframework\spring-context\5.3.22\spring-context-5.3.22.jar;D:\develop\apache-maven-3.9.9\mvn_repo\org\springframework\boot\spring-boot-starter-web\2.7.2\spring-boot-starter-web-2.7.2.jar;D:\develop\apache-maven-3.9.9\mvn_repo\org\springframework\boot\spring-boot-starter-json\2.7.2\spring-boot-starter-json-2.7.2.jar;D:\develop\apache-maven-3.9.9\mvn_repo\com\fasterxml\jackson\datatype\jackson-datatype-jdk8\2.13.3\jackson-datatype-jdk8-2.13.3.jar;D:\develop\apache-maven-3.9.9\mvn_repo\com\fasterxml\jackson\datatype\jackson-datatype-jsr310\2.13.3\jackson-datatype-jsr310-2.13.3.jar;D:\develop\apache-maven-3.9.9\mvn_repo\com\fasterxml\jackson\module\jackson-module-parameter-names\2.13.3\jackson-module-parameter-names-2.13.3.jar;D:\develop\apache-maven-3.9.9\mvn_repo\org\springframework\boot\spring-boot-starter-tomcat\2.7.2\spring-boot-starter-tomcat-2.7.2.jar;D:\develop\apache-maven-3.9.9\mvn_repo\org\apache\tomcat\embed\tomcat-embed-core\9.0.65\tomcat-embed-core-9.0.65.jar;D:\develop\apache-maven-3.9.9\mvn_repo\org\apache\tomcat\embed\tomcat-embed-el\9.0.65\tomcat-embed-el-9.0.65.jar;D:\develop\apache-maven-3.9.9\mvn_repo\org\apache\tomcat\embed\tomcat-embed-websocket\9.0.65\tomcat-embed-websocket-9.0.65.jar;D:\develop\apache-maven-3.9.9\mvn_repo\org\springframework\spring-web\5.3.22\spring-web-5.3.22.jar;D:\develop\apache-maven-3.9.9\mvn_repo\org\springframework\spring-webmvc\5.3.22\spring-webmvc-5.3.22.jar;D:\develop\apache-maven-3.9.9\mvn_repo\org\springframework\spring-expression\5.3.22\spring-expression-5.3.22.jar;D:\develop\apache-maven-3.9.9\mvn_repo\org\springframework\boot\spring-boot-starter-aop\2.7.2\spring-boot-starter-aop-2.7.2.jar;D:\develop\apache-maven-3.9.9\mvn_repo\org\springframework\spring-aop\5.3.22\spring-aop-5.3.22.jar;D:\develop\apache-maven-3.9.9\mvn_repo\org\aspectj\aspectjweaver\1.9.7\aspectjweaver-1.9.7.jar;D:\develop\apache-maven-3.9.9\mvn_repo\org\mybatis\spring\boot\mybatis-spring-boot-starter\2.2.2\mybatis-spring-boot-starter-2.2.2.jar;D:\develop\apache-maven-3.9.9\mvn_repo\org\springframework\boot\spring-boot-starter-jdbc\2.7.2\spring-boot-starter-jdbc-2.7.2.jar;D:\develop\apache-maven-3.9.9\mvn_repo\com\zaxxer\HikariCP\4.0.3\HikariCP-4.0.3.jar;D:\develop\apache-maven-3.9.9\mvn_repo\org\springframework\spring-jdbc\5.3.22\spring-jdbc-5.3.22.jar;D:\develop\apache-maven-3.9.9\mvn_repo\org\mybatis\spring\boot\mybatis-spring-boot-autoconfigure\2.2.2\mybatis-spring-boot-autoconfigure-2.2.2.jar;D:\develop\apache-maven-3.9.9\mvn_repo\org\mybatis\mybatis\3.5.9\mybatis-3.5.9.jar;D:\develop\apache-maven-3.9.9\mvn_repo\org\mybatis\mybatis-spring\2.0.7\mybatis-spring-2.0.7.jar;D:\develop\apache-maven-3.9.9\mvn_repo\com\baomidou\mybatis-plus-boot-starter\3.5.2\mybatis-plus-boot-starter-3.5.2.jar;D:\develop\apache-maven-3.9.9\mvn_repo\com\baomidou\mybatis-plus\3.5.2\mybatis-plus-3.5.2.jar;D:\develop\apache-maven-3.9.9\mvn_repo\com\baomidou\mybatis-plus-extension\3.5.2\mybatis-plus-extension-3.5.2.jar;D:\develop\apache-maven-3.9.9\mvn_repo\com\baomidou\mybatis-plus-core\3.5.2\mybatis-plus-core-3.5.2.jar;D:\develop\apache-maven-3.9.9\mvn_repo\com\baomidou\mybatis-plus-annotation\3.5.2\mybatis-plus-annotation-3.5.2.jar;D:\develop\apache-maven-3.9.9\mvn_repo\com\github\jsqlparser\jsqlparser\4.4\jsqlparser-4.4.jar;D:\develop\apache-maven-3.9.9\mvn_repo\org\jetbrains\kotlin\kotlin-stdlib-jdk8\1.6.21\kotlin-stdlib-jdk8-1.6.21.jar;D:\develop\apache-maven-3.9.9\mvn_repo\org\jetbrains\kotlin\kotlin-stdlib\1.6.21\kotlin-stdlib-1.6.21.jar;D:\develop\apache-maven-3.9.9\mvn_repo\org\jetbrains\kotlin\kotlin-stdlib-common\1.6.21\kotlin-stdlib-common-1.6.21.jar;D:\develop\apache-maven-3.9.9\mvn_repo\org\jetbrains\annotations\13.0\annotations-13.0.jar;D:\develop\apache-maven-3.9.9\mvn_repo\org\jetbrains\kotlin\kotlin-stdlib-jdk7\1.6.21\kotlin-stdlib-jdk7-1.6.21.jar;D:\develop\apache-maven-3.9.9\mvn_repo\org\springframework\boot\spring-boot-autoconfigure\2.7.2\spring-boot-autoconfigure-2.7.2.jar;D:\develop\apache-maven-3.9.9\mvn_repo\org\springframework\boot\spring-boot-starter-data-redis\2.7.2\spring-boot-starter-data-redis-2.7.2.jar;D:\develop\apache-maven-3.9.9\mvn_repo\org\springframework\data\spring-data-redis\2.7.2\spring-data-redis-2.7.2.jar;D:\develop\apache-maven-3.9.9\mvn_repo\org\springframework\data\spring-data-keyvalue\2.7.2\spring-data-keyvalue-2.7.2.jar;D:\develop\apache-maven-3.9.9\mvn_repo\org\springframework\spring-tx\5.3.22\spring-tx-5.3.22.jar;D:\develop\apache-maven-3.9.9\mvn_repo\org\springframework\spring-oxm\5.3.22\spring-oxm-5.3.22.jar;D:\develop\apache-maven-3.9.9\mvn_repo\io\lettuce\lettuce-core\6.1.9.RELEASE\lettuce-core-6.1.9.RELEASE.jar;D:\develop\apache-maven-3.9.9\mvn_repo\io\netty\netty-common\4.1.79.Final\netty-common-4.1.79.Final.jar;D:\develop\apache-maven-3.9.9\mvn_repo\io\netty\netty-handler\4.1.79.Final\netty-handler-4.1.79.Final.jar;D:\develop\apache-maven-3.9.9\mvn_repo\io\netty\netty-resolver\4.1.79.Final\netty-resolver-4.1.79.Final.jar;D:\develop\apache-maven-3.9.9\mvn_repo\io\netty\netty-buffer\4.1.79.Final\netty-buffer-4.1.79.Final.jar;D:\develop\apache-maven-3.9.9\mvn_repo\io\netty\netty-transport-native-unix-common\4.1.79.Final\netty-transport-native-unix-common-4.1.79.Final.jar;D:\develop\apache-maven-3.9.9\mvn_repo\io\netty\netty-codec\4.1.79.Final\netty-codec-4.1.79.Final.jar;D:\develop\apache-maven-3.9.9\mvn_repo\io\netty\netty-transport\4.1.79.Final\netty-transport-4.1.79.Final.jar;D:\develop\apache-maven-3.9.9\mvn_repo\io\projectreactor\reactor-core\3.4.21\reactor-core-3.4.21.jar;D:\develop\apache-maven-3.9.9\mvn_repo\org\reactivestreams\reactive-streams\1.0.4\reactive-streams-1.0.4.jar;D:\develop\apache-maven-3.9.9\mvn_repo\org\springframework\session\spring-session-data-redis\2.7.0\spring-session-data-redis-2.7.0.jar;D:\develop\apache-maven-3.9.9\mvn_repo\org\springframework\session\spring-session-core\2.7.0\spring-session-core-2.7.0.jar;D:\develop\apache-maven-3.9.9\mvn_repo\org\springframework\spring-jcl\5.3.22\spring-jcl-5.3.22.jar;D:\develop\apache-maven-3.9.9\mvn_repo\org\springframework\boot\spring-boot-starter-data-elasticsearch\2.7.2\spring-boot-starter-data-elasticsearch-2.7.2.jar;D:\develop\apache-maven-3.9.9\mvn_repo\org\springframework\data\spring-data-elasticsearch\4.4.2\spring-data-elasticsearch-4.4.2.jar;D:\develop\apache-maven-3.9.9\mvn_repo\org\springframework\data\spring-data-commons\2.7.2\spring-data-commons-2.7.2.jar;D:\develop\apache-maven-3.9.9\mvn_repo\org\elasticsearch\client\elasticsearch-rest-high-level-client\7.17.4\elasticsearch-rest-high-level-client-7.17.4.jar;D:\develop\apache-maven-3.9.9\mvn_repo\org\elasticsearch\elasticsearch\7.17.4\elasticsearch-7.17.4.jar;D:\develop\apache-maven-3.9.9\mvn_repo\org\elasticsearch\elasticsearch-core\7.17.4\elasticsearch-core-7.17.4.jar;D:\develop\apache-maven-3.9.9\mvn_repo\org\elasticsearch\elasticsearch-secure-sm\7.17.4\elasticsearch-secure-sm-7.17.4.jar;D:\develop\apache-maven-3.9.9\mvn_repo\org\elasticsearch\elasticsearch-x-content\7.17.4\elasticsearch-x-content-7.17.4.jar;D:\develop\apache-maven-3.9.9\mvn_repo\com\fasterxml\jackson\dataformat\jackson-dataformat-smile\2.13.3\jackson-dataformat-smile-2.13.3.jar;D:\develop\apache-maven-3.9.9\mvn_repo\com\fasterxml\jackson\dataformat\jackson-dataformat-yaml\2.13.3\jackson-dataformat-yaml-2.13.3.jar;D:\develop\apache-maven-3.9.9\mvn_repo\com\fasterxml\jackson\dataformat\jackson-dataformat-cbor\2.13.3\jackson-dataformat-cbor-2.13.3.jar;D:\develop\apache-maven-3.9.9\mvn_repo\org\elasticsearch\elasticsearch-geo\7.17.4\elasticsearch-geo-7.17.4.jar;D:\develop\apache-maven-3.9.9\mvn_repo\org\elasticsearch\elasticsearch-lz4\7.17.4\elasticsearch-lz4-7.17.4.jar;D:\develop\apache-maven-3.9.9\mvn_repo\org\lz4\lz4-java\1.8.0\lz4-java-1.8.0.jar;D:\develop\apache-maven-3.9.9\mvn_repo\org\apache\lucene\lucene-core\8.11.1\lucene-core-8.11.1.jar;D:\develop\apache-maven-3.9.9\mvn_repo\org\apache\lucene\lucene-analyzers-common\8.11.1\lucene-analyzers-common-8.11.1.jar;D:\develop\apache-maven-3.9.9\mvn_repo\org\apache\lucene\lucene-backward-codecs\8.11.1\lucene-backward-codecs-8.11.1.jar;D:\develop\apache-maven-3.9.9\mvn_repo\org\apache\lucene\lucene-grouping\8.11.1\lucene-grouping-8.11.1.jar;D:\develop\apache-maven-3.9.9\mvn_repo\org\apache\lucene\lucene-highlighter\8.11.1\lucene-highlighter-8.11.1.jar;D:\develop\apache-maven-3.9.9\mvn_repo\org\apache\lucene\lucene-join\8.11.1\lucene-join-8.11.1.jar;D:\develop\apache-maven-3.9.9\mvn_repo\org\apache\lucene\lucene-memory\8.11.1\lucene-memory-8.11.1.jar;D:\develop\apache-maven-3.9.9\mvn_repo\org\apache\lucene\lucene-misc\8.11.1\lucene-misc-8.11.1.jar;D:\develop\apache-maven-3.9.9\mvn_repo\org\apache\lucene\lucene-queries\8.11.1\lucene-queries-8.11.1.jar;D:\develop\apache-maven-3.9.9\mvn_repo\org\apache\lucene\lucene-queryparser\8.11.1\lucene-queryparser-8.11.1.jar;D:\develop\apache-maven-3.9.9\mvn_repo\org\apache\lucene\lucene-sandbox\8.11.1\lucene-sandbox-8.11.1.jar;D:\develop\apache-maven-3.9.9\mvn_repo\org\apache\lucene\lucene-spatial3d\8.11.1\lucene-spatial3d-8.11.1.jar;D:\develop\apache-maven-3.9.9\mvn_repo\org\apache\lucene\lucene-suggest\8.11.1\lucene-suggest-8.11.1.jar;D:\develop\apache-maven-3.9.9\mvn_repo\org\elasticsearch\elasticsearch-cli\7.17.4\elasticsearch-cli-7.17.4.jar;D:\develop\apache-maven-3.9.9\mvn_repo\net\sf\jopt-simple\jopt-simple\5.0.2\jopt-simple-5.0.2.jar;D:\develop\apache-maven-3.9.9\mvn_repo\com\carrotsearch\hppc\0.8.1\hppc-0.8.1.jar;D:\develop\apache-maven-3.9.9\mvn_repo\com\tdunning\t-digest\3.2\t-digest-3.2.jar;D:\develop\apache-maven-3.9.9\mvn_repo\org\hdrhistogram\HdrHistogram\2.1.9\HdrHistogram-2.1.9.jar;D:\develop\apache-maven-3.9.9\mvn_repo\net\java\dev\jna\jna\5.10.0\jna-5.10.0.jar;D:\develop\apache-maven-3.9.9\mvn_repo\org\elasticsearch\elasticsearch-plugin-classloader\7.17.4\elasticsearch-plugin-classloader-7.17.4.jar;D:\develop\apache-maven-3.9.9\mvn_repo\org\elasticsearch\plugin\mapper-extras-client\7.17.4\mapper-extras-client-7.17.4.jar;D:\develop\apache-maven-3.9.9\mvn_repo\org\elasticsearch\plugin\parent-join-client\7.17.4\parent-join-client-7.17.4.jar;D:\develop\apache-maven-3.9.9\mvn_repo\org\elasticsearch\plugin\aggs-matrix-stats-client\7.17.4\aggs-matrix-stats-client-7.17.4.jar;D:\develop\apache-maven-3.9.9\mvn_repo\org\elasticsearch\plugin\rank-eval-client\7.17.4\rank-eval-client-7.17.4.jar;D:\develop\apache-maven-3.9.9\mvn_repo\org\elasticsearch\plugin\lang-mustache-client\7.17.4\lang-mustache-client-7.17.4.jar;D:\develop\apache-maven-3.9.9\mvn_repo\com\github\spullara\mustache\java\compiler\0.9.6\compiler-0.9.6.jar;D:\develop\apache-maven-3.9.9\mvn_repo\co\elastic\clients\elasticsearch-java\7.17.4\elasticsearch-java-7.17.4.jar;D:\develop\apache-maven-3.9.9\mvn_repo\com\google\code\findbugs\jsr305\3.0.2\jsr305-3.0.2.jar;D:\develop\apache-maven-3.9.9\mvn_repo\jakarta\json\jakarta.json-api\1.1.6\jakarta.json-api-1.1.6.jar;D:\develop\apache-maven-3.9.9\mvn_repo\org\eclipse\parsson\parsson\1.0.0\parsson-1.0.0.jar;D:\develop\apache-maven-3.9.9\mvn_repo\org\elasticsearch\client\elasticsearch-rest-client\7.17.4\elasticsearch-rest-client-7.17.4.jar;D:\develop\apache-maven-3.9.9\mvn_repo\org\apache\httpcomponents\httpasyncclient\4.1.5\httpasyncclient-4.1.5.jar;D:\develop\apache-maven-3.9.9\mvn_repo\org\apache\httpcomponents\httpcore-nio\4.4.15\httpcore-nio-4.4.15.jar;D:\develop\apache-maven-3.9.9\mvn_repo\com\fasterxml\jackson\core\jackson-core\2.13.3\jackson-core-2.13.3.jar;D:\develop\apache-maven-3.9.9\mvn_repo\com\github\binarywang\wx-java-mp-spring-boot-starter\4.4.0\wx-java-mp-spring-boot-starter-4.4.0.jar;D:\develop\apache-maven-3.9.9\mvn_repo\com\github\binarywang\weixin-java-mp\4.4.0\weixin-java-mp-4.4.0.jar;D:\develop\apache-maven-3.9.9\mvn_repo\com\github\binarywang\weixin-java-common\4.4.0\weixin-java-common-4.4.0.jar;D:\develop\apache-maven-3.9.9\mvn_repo\com\thoughtworks\xstream\xstream\1.4.19\xstream-1.4.19.jar;D:\develop\apache-maven-3.9.9\mvn_repo\io\github\x-stream\mxparser\1.2.2\mxparser-1.2.2.jar;D:\develop\apache-maven-3.9.9\mvn_repo\xmlpull\xmlpull\1.1.3.1\xmlpull-1.1.3.1.jar;D:\develop\apache-maven-3.9.9\mvn_repo\org\apache\httpcomponents\httpmime\4.5.13\httpmime-4.5.13.jar;D:\develop\apache-maven-3.9.9\mvn_repo\org\slf4j\jcl-over-slf4j\1.7.36\jcl-over-slf4j-1.7.36.jar;D:\develop\apache-maven-3.9.9\mvn_repo\com\google\code\gson\gson\2.9.0\gson-2.9.0.jar;D:\develop\apache-maven-3.9.9\mvn_repo\commons-io\commons-io\2.7\commons-io-2.7.jar;D:\develop\apache-maven-3.9.9\mvn_repo\com\google\guava\guava\30.0-jre\guava-30.0-jre.jar;D:\develop\apache-maven-3.9.9\mvn_repo\com\google\guava\failureaccess\1.0.1\failureaccess-1.0.1.jar;D:\develop\apache-maven-3.9.9\mvn_repo\com\google\guava\listenablefuture\9999.0-empty-to-avoid-conflict-with-guava\listenablefuture-9999.0-empty-to-avoid-conflict-with-guava.jar;D:\develop\apache-maven-3.9.9\mvn_repo\org\checkerframework\checker-qual\3.5.0\checker-qual-3.5.0.jar;D:\develop\apache-maven-3.9.9\mvn_repo\com\google\errorprone\error_prone_annotations\2.3.4\error_prone_annotations-2.3.4.jar;D:\develop\apache-maven-3.9.9\mvn_repo\com\google\j2objc\j2objc-annotations\1.3\j2objc-annotations-1.3.jar;D:\develop\apache-maven-3.9.9\mvn_repo\javax\validation\validation-api\2.0.1.Final\validation-api-2.0.1.Final.jar;D:\develop\apache-maven-3.9.9\mvn_repo\org\dom4j\dom4j\2.1.3\dom4j-2.1.3.jar;D:\develop\apache-maven-3.9.9\mvn_repo\redis\clients\jedis\3.8.0\jedis-3.8.0.jar;D:\develop\apache-maven-3.9.9\mvn_repo\org\apache\commons\commons-pool2\2.11.1\commons-pool2-2.11.1.jar;D:\develop\apache-maven-3.9.9\mvn_repo\com\github\xiaoymin\knife4j-openapi2-spring-boot-starter\4.4.0\knife4j-openapi2-spring-boot-starter-4.4.0.jar;D:\develop\apache-maven-3.9.9\mvn_repo\com\github\xiaoymin\knife4j-core\4.4.0\knife4j-core-4.4.0.jar;D:\develop\apache-maven-3.9.9\mvn_repo\com\github\xiaoymin\knife4j-openapi2-ui\4.4.0\knife4j-openapi2-ui-4.4.0.jar;D:\develop\apache-maven-3.9.9\mvn_repo\org\javassist\javassist\3.25.0-GA\javassist-3.25.0-GA.jar;D:\develop\apache-maven-3.9.9\mvn_repo\io\springfox\springfox-swagger2\2.10.5\springfox-swagger2-2.10.5.jar;D:\develop\apache-maven-3.9.9\mvn_repo\io\springfox\springfox-spi\2.10.5\springfox-spi-2.10.5.jar;D:\develop\apache-maven-3.9.9\mvn_repo\io\springfox\springfox-core\2.10.5\springfox-core-2.10.5.jar;D:\develop\apache-maven-3.9.9\mvn_repo\io\springfox\springfox-schema\2.10.5\springfox-schema-2.10.5.jar;D:\develop\apache-maven-3.9.9\mvn_repo\io\springfox\springfox-swagger-common\2.10.5\springfox-swagger-common-2.10.5.jar;D:\develop\apache-maven-3.9.9\mvn_repo\io\springfox\springfox-spring-web\2.10.5\springfox-spring-web-2.10.5.jar;D:\develop\apache-maven-3.9.9\mvn_repo\io\github\classgraph\classgraph\4.1.7\classgraph-4.1.7.jar;D:\develop\apache-maven-3.9.9\mvn_repo\com\fasterxml\classmate\1.5.1\classmate-1.5.1.jar;D:\develop\apache-maven-3.9.9\mvn_repo\org\springframework\plugin\spring-plugin-core\2.0.0.RELEASE\spring-plugin-core-2.0.0.RELEASE.jar;D:\develop\apache-maven-3.9.9\mvn_repo\org\springframework\plugin\spring-plugin-metadata\2.0.0.RELEASE\spring-plugin-metadata-2.0.0.RELEASE.jar;D:\develop\apache-maven-3.9.9\mvn_repo\org\mapstruct\mapstruct\1.3.1.Final\mapstruct-1.3.1.Final.jar;D:\develop\apache-maven-3.9.9\mvn_repo\io\swagger\swagger-models\1.6.6\swagger-models-1.6.6.jar;D:\develop\apache-maven-3.9.9\mvn_repo\com\fasterxml\jackson\core\jackson-annotations\2.13.3\jackson-annotations-2.13.3.jar;D:\develop\apache-maven-3.9.9\mvn_repo\io\swagger\swagger-annotations\1.6.6\swagger-annotations-1.6.6.jar;D:\develop\apache-maven-3.9.9\mvn_repo\io\springfox\springfox-bean-validators\2.10.5\springfox-bean-validators-2.10.5.jar;D:\develop\apache-maven-3.9.9\mvn_repo\io\springfox\springfox-spring-webmvc\2.10.5\springfox-spring-webmvc-2.10.5.jar;D:\develop\apache-maven-3.9.9\mvn_repo\com\qcloud\cos_api\5.6.89\cos_api-5.6.89.jar;D:\develop\apache-maven-3.9.9\mvn_repo\org\apache\httpcomponents\httpclient\4.5.13\httpclient-4.5.13.jar;D:\develop\apache-maven-3.9.9\mvn_repo\org\apache\httpcomponents\httpcore\4.4.15\httpcore-4.4.15.jar;D:\develop\apache-maven-3.9.9\mvn_repo\org\slf4j\slf4j-api\1.7.36\slf4j-api-1.7.36.jar;D:\develop\apache-maven-3.9.9\mvn_repo\commons-codec\commons-codec\1.15\commons-codec-1.15.jar;D:\develop\apache-maven-3.9.9\mvn_repo\joda-time\joda-time\2.9.9\joda-time-2.9.9.jar;D:\develop\apache-maven-3.9.9\mvn_repo\com\fasterxml\jackson\core\jackson-databind\2.13.3\jackson-databind-2.13.3.jar;D:\develop\apache-maven-3.9.9\mvn_repo\com\tencentcloudapi\tencentcloud-sdk-java-kms\3.1.213\tencentcloud-sdk-java-kms-3.1.213.jar;D:\develop\apache-maven-3.9.9\mvn_repo\com\tencentcloudapi\tencentcloud-sdk-java-common\3.1.213\tencentcloud-sdk-java-common-3.1.213.jar;D:\develop\apache-maven-3.9.9\mvn_repo\commons-logging\commons-logging\1.2\commons-logging-1.2.jar;D:\develop\apache-maven-3.9.9\mvn_repo\com\squareup\okhttp\logging-interceptor\2.7.5\logging-interceptor-2.7.5.jar;D:\develop\apache-maven-3.9.9\mvn_repo\com\squareup\okhttp\okhttp\2.7.5\okhttp-2.7.5.jar;D:\develop\apache-maven-3.9.9\mvn_repo\com\squareup\okio\okio\1.12.0\okio-1.12.0.jar;D:\develop\apache-maven-3.9.9\mvn_repo\javax\xml\bind\jaxb-api\2.3.1\jaxb-api-2.3.1.jar;D:\develop\apache-maven-3.9.9\mvn_repo\javax\activation\javax.activation-api\1.2.0\javax.activation-api-1.2.0.jar;D:\develop\apache-maven-3.9.9\mvn_repo\org\bouncycastle\bcprov-jdk15on\1.67\bcprov-jdk15on-1.67.jar;D:\develop\apache-maven-3.9.9\mvn_repo\org\apache\commons\commons-lang3\3.12.0\commons-lang3-3.12.0.jar;D:\develop\apache-maven-3.9.9\mvn_repo\com\alibaba\easyexcel\3.1.1\easyexcel-3.1.1.jar;D:\develop\apache-maven-3.9.9\mvn_repo\com\alibaba\easyexcel-core\3.1.1\easyexcel-core-3.1.1.jar;D:\develop\apache-maven-3.9.9\mvn_repo\com\alibaba\easyexcel-support\3.1.1\easyexcel-support-3.1.1.jar;D:\develop\apache-maven-3.9.9\mvn_repo\org\apache\poi\poi\4.1.2\poi-4.1.2.jar;D:\develop\apache-maven-3.9.9\mvn_repo\org\apache\commons\commons-collections4\4.4\commons-collections4-4.4.jar;D:\develop\apache-maven-3.9.9\mvn_repo\org\apache\commons\commons-math3\3.6.1\commons-math3-3.6.1.jar;D:\develop\apache-maven-3.9.9\mvn_repo\com\zaxxer\SparseBitSet\1.2\SparseBitSet-1.2.jar;D:\develop\apache-maven-3.9.9\mvn_repo\org\apache\poi\poi-ooxml\4.1.2\poi-ooxml-4.1.2.jar;D:\develop\apache-maven-3.9.9\mvn_repo\org\apache\commons\commons-compress\1.19\commons-compress-1.19.jar;D:\develop\apache-maven-3.9.9\mvn_repo\com\github\virtuald\curvesapi\1.06\curvesapi-1.06.jar;D:\develop\apache-maven-3.9.9\mvn_repo\org\apache\poi\poi-ooxml-schemas\4.1.2\poi-ooxml-schemas-4.1.2.jar;D:\develop\apache-maven-3.9.9\mvn_repo\org\apache\xmlbeans\xmlbeans\3.1.0\xmlbeans-3.1.0.jar;D:\develop\apache-maven-3.9.9\mvn_repo\org\apache\commons\commons-csv\1.8\commons-csv-1.8.jar;D:\develop\apache-maven-3.9.9\mvn_repo\org\ehcache\ehcache\3.10.0\ehcache-3.10.0.jar;D:\develop\apache-maven-3.9.9\mvn_repo\javax\cache\cache-api\1.1.1\cache-api-1.1.1.jar;D:\develop\apache-maven-3.9.9\mvn_repo\org\glassfish\jaxb\jaxb-runtime\2.3.6\jaxb-runtime-2.3.6.jar;D:\develop\apache-maven-3.9.9\mvn_repo\org\glassfish\jaxb\txw2\2.3.6\txw2-2.3.6.jar;D:\develop\apache-maven-3.9.9\mvn_repo\com\sun\istack\istack-commons-runtime\3.0.12\istack-commons-runtime-3.0.12.jar;D:\develop\apache-maven-3.9.9\mvn_repo\com\sun\activation\jakarta.activation\1.2.2\jakarta.activation-1.2.2.jar;D:\develop\apache-maven-3.9.9\mvn_repo\cn\hutool\hutool-all\5.8.8\hutool-all-5.8.8.jar;D:\develop\apache-maven-3.9.9\mvn_repo\org\jsoup\jsoup\1.17.2\jsoup-1.17.2.jar;D:\develop\apache-maven-3.9.9\mvn_repo\org\springframework\boot\spring-boot-devtools\2.7.2\spring-boot-devtools-2.7.2.jar;D:\develop\apache-maven-3.9.9\mvn_repo\org\springframework\boot\spring-boot\2.7.2\spring-boot-2.7.2.jar;D:\develop\apache-maven-3.9.9\mvn_repo\mysql\mysql-connector-java\8.0.29\mysql-connector-java-8.0.29.jar;D:\develop\apache-maven-3.9.9\mvn_repo\org\springframework\boot\spring-boot-configuration-processor\2.7.2\spring-boot-configuration-processor-2.7.2.jar;D:\develop\apache-maven-3.9.9\mvn_repo\org\projectlombok\lombok\1.18.32\lombok-1.18.32.jar;D:\develop\apache-maven-3.9.9\mvn_repo\org\springframework\boot\spring-boot-starter-test\2.7.2\spring-boot-starter-test-2.7.2.jar;D:\develop\apache-maven-3.9.9\mvn_repo\org\springframework\boot\spring-boot-test\2.7.2\spring-boot-test-2.7.2.jar;D:\develop\apache-maven-3.9.9\mvn_repo\org\springframework\boot\spring-boot-test-autoconfigure\2.7.2\spring-boot-test-autoconfigure-2.7.2.jar;D:\develop\apache-maven-3.9.9\mvn_repo\com\jayway\jsonpath\json-path\2.7.0\json-path-2.7.0.jar;D:\develop\apache-maven-3.9.9\mvn_repo\net\minidev\json-smart\2.4.8\json-smart-2.4.8.jar;D:\develop\apache-maven-3.9.9\mvn_repo\net\minidev\accessors-smart\2.4.8\accessors-smart-2.4.8.jar;D:\develop\apache-maven-3.9.9\mvn_repo\org\ow2\asm\asm\9.1\asm-9.1.jar;D:\develop\apache-maven-3.9.9\mvn_repo\jakarta\xml\bind\jakarta.xml.bind-api\2.3.3\jakarta.xml.bind-api-2.3.3.jar;D:\develop\apache-maven-3.9.9\mvn_repo\jakarta\activation\jakarta.activation-api\1.2.2\jakarta.activation-api-1.2.2.jar;D:\develop\apache-maven-3.9.9\mvn_repo\org\assertj\assertj-core\3.22.0\assertj-core-3.22.0.jar;D:\develop\apache-maven-3.9.9\mvn_repo\org\hamcrest\hamcrest\2.2\hamcrest-2.2.jar;D:\develop\apache-maven-3.9.9\mvn_repo\org\junit\jupiter\junit-jupiter\5.8.2\junit-jupiter-5.8.2.jar;D:\develop\apache-maven-3.9.9\mvn_repo\org\junit\jupiter\junit-jupiter-api\5.8.2\junit-jupiter-api-5.8.2.jar;D:\develop\apache-maven-3.9.9\mvn_repo\org\opentest4j\opentest4j\1.2.0\opentest4j-1.2.0.jar;D:\develop\apache-maven-3.9.9\mvn_repo\org\junit\platform\junit-platform-commons\1.8.2\junit-platform-commons-1.8.2.jar;D:\develop\apache-maven-3.9.9\mvn_repo\org\apiguardian\apiguardian-api\1.1.2\apiguardian-api-1.1.2.jar;D:\develop\apache-maven-3.9.9\mvn_repo\org\junit\jupiter\junit-jupiter-params\5.8.2\junit-jupiter-params-5.8.2.jar;D:\develop\apache-maven-3.9.9\mvn_repo\org\junit\jupiter\junit-jupiter-engine\5.8.2\junit-jupiter-engine-5.8.2.jar;D:\develop\apache-maven-3.9.9\mvn_repo\org\junit\platform\junit-platform-engine\1.8.2\junit-platform-engine-1.8.2.jar;D:\develop\apache-maven-3.9.9\mvn_repo\org\mockito\mockito-core\4.5.1\mockito-core-4.5.1.jar;D:\develop\apache-maven-3.9.9\mvn_repo\net\bytebuddy\byte-buddy\1.12.12\byte-buddy-1.12.12.jar;D:\develop\apache-maven-3.9.9\mvn_repo\net\bytebuddy\byte-buddy-agent\1.12.12\byte-buddy-agent-1.12.12.jar;D:\develop\apache-maven-3.9.9\mvn_repo\org\objenesis\objenesis\3.2\objenesis-3.2.jar;D:\develop\apache-maven-3.9.9\mvn_repo\org\mockito\mockito-junit-jupiter\4.5.1\mockito-junit-jupiter-4.5.1.jar;D:\develop\apache-maven-3.9.9\mvn_repo\org\skyscreamer\jsonassert\1.5.1\jsonassert-1.5.1.jar;D:\develop\apache-maven-3.9.9\mvn_repo\com\vaadin\external\google\android-json\0.0.20131108.vaadin1\android-json-0.0.20131108.vaadin1.jar;D:\develop\apache-maven-3.9.9\mvn_repo\org\springframework\spring-core\5.3.22\spring-core-5.3.22.jar;D:\develop\apache-maven-3.9.9\mvn_repo\org\springframework\spring-test\5.3.22\spring-test-5.3.22.jar;D:\develop\apache-maven-3.9.9\mvn_repo\org\xmlunit\xmlunit-core\2.9.0\xmlunit-core-2.9.0.jar;"/>
    <property name="java.vm.vendor" value="Oracle Corporation"/>
    <property name="sun.arch.data.model" value="64"/>
    <property name="user.variant" value=""/>
    <property name="java.vendor.url" value="https://java.oracle.com/"/>
    <property name="user.timezone" value="Asia/Shanghai"/>
    <property name="os.name" value="Windows 11"/>
    <property name="java.vm.specification.version" value="21"/>
    <property name="sun.java.launcher" value="SUN_STANDARD"/>
    <property name="user.country" value="CN"/>
    <property name="sun.boot.library.path" value="D:\java\bin"/>
    <property name="sun.java.command" value="C:\Users\leeyou\AppData\Local\Temp\surefire16530858574731011621\surefirebooter11675431789423401389.jar C:\Users\leeyou\AppData\Local\Temp\surefire16530858574731011621 2024-12-12T16-55-36_503-jvmRun1 surefire6599964776143822832tmp surefire_08398426895938029231tmp"/>
    <property name="jdk.debug" value="release"/>
    <property name="surefire.test.class.path" value="D:\code\search-leeyou\search-leeyou-backend\target\test-classes;D:\code\search-leeyou\search-leeyou-backend\target\classes;D:\develop\apache-maven-3.9.9\mvn_repo\org\springframework\boot\spring-boot-starter-freemarker\2.7.2\spring-boot-starter-freemarker-2.7.2.jar;D:\develop\apache-maven-3.9.9\mvn_repo\org\springframework\boot\spring-boot-starter\2.7.2\spring-boot-starter-2.7.2.jar;D:\develop\apache-maven-3.9.9\mvn_repo\org\springframework\boot\spring-boot-starter-logging\2.7.2\spring-boot-starter-logging-2.7.2.jar;D:\develop\apache-maven-3.9.9\mvn_repo\ch\qos\logback\logback-classic\1.2.11\logback-classic-1.2.11.jar;D:\develop\apache-maven-3.9.9\mvn_repo\ch\qos\logback\logback-core\1.2.11\logback-core-1.2.11.jar;D:\develop\apache-maven-3.9.9\mvn_repo\org\apache\logging\log4j\log4j-to-slf4j\2.17.2\log4j-to-slf4j-2.17.2.jar;D:\develop\apache-maven-3.9.9\mvn_repo\org\apache\logging\log4j\log4j-api\2.17.2\log4j-api-2.17.2.jar;D:\develop\apache-maven-3.9.9\mvn_repo\org\slf4j\jul-to-slf4j\1.7.36\jul-to-slf4j-1.7.36.jar;D:\develop\apache-maven-3.9.9\mvn_repo\jakarta\annotation\jakarta.annotation-api\1.3.5\jakarta.annotation-api-1.3.5.jar;D:\develop\apache-maven-3.9.9\mvn_repo\org\yaml\snakeyaml\1.30\snakeyaml-1.30.jar;D:\develop\apache-maven-3.9.9\mvn_repo\org\freemarker\freemarker\2.3.31\freemarker-2.3.31.jar;D:\develop\apache-maven-3.9.9\mvn_repo\org\springframework\spring-context-support\5.3.22\spring-context-support-5.3.22.jar;D:\develop\apache-maven-3.9.9\mvn_repo\org\springframework\spring-beans\5.3.22\spring-beans-5.3.22.jar;D:\develop\apache-maven-3.9.9\mvn_repo\org\springframework\spring-context\5.3.22\spring-context-5.3.22.jar;D:\develop\apache-maven-3.9.9\mvn_repo\org\springframework\boot\spring-boot-starter-web\2.7.2\spring-boot-starter-web-2.7.2.jar;D:\develop\apache-maven-3.9.9\mvn_repo\org\springframework\boot\spring-boot-starter-json\2.7.2\spring-boot-starter-json-2.7.2.jar;D:\develop\apache-maven-3.9.9\mvn_repo\com\fasterxml\jackson\datatype\jackson-datatype-jdk8\2.13.3\jackson-datatype-jdk8-2.13.3.jar;D:\develop\apache-maven-3.9.9\mvn_repo\com\fasterxml\jackson\datatype\jackson-datatype-jsr310\2.13.3\jackson-datatype-jsr310-2.13.3.jar;D:\develop\apache-maven-3.9.9\mvn_repo\com\fasterxml\jackson\module\jackson-module-parameter-names\2.13.3\jackson-module-parameter-names-2.13.3.jar;D:\develop\apache-maven-3.9.9\mvn_repo\org\springframework\boot\spring-boot-starter-tomcat\2.7.2\spring-boot-starter-tomcat-2.7.2.jar;D:\develop\apache-maven-3.9.9\mvn_repo\org\apache\tomcat\embed\tomcat-embed-core\9.0.65\tomcat-embed-core-9.0.65.jar;D:\develop\apache-maven-3.9.9\mvn_repo\org\apache\tomcat\embed\tomcat-embed-el\9.0.65\tomcat-embed-el-9.0.65.jar;D:\develop\apache-maven-3.9.9\mvn_repo\org\apache\tomcat\embed\tomcat-embed-websocket\9.0.65\tomcat-embed-websocket-9.0.65.jar;D:\develop\apache-maven-3.9.9\mvn_repo\org\springframework\spring-web\5.3.22\spring-web-5.3.22.jar;D:\develop\apache-maven-3.9.9\mvn_repo\org\springframework\spring-webmvc\5.3.22\spring-webmvc-5.3.22.jar;D:\develop\apache-maven-3.9.9\mvn_repo\org\springframework\spring-expression\5.3.22\spring-expression-5.3.22.jar;D:\develop\apache-maven-3.9.9\mvn_repo\org\springframework\boot\spring-boot-starter-aop\2.7.2\spring-boot-starter-aop-2.7.2.jar;D:\develop\apache-maven-3.9.9\mvn_repo\org\springframework\spring-aop\5.3.22\spring-aop-5.3.22.jar;D:\develop\apache-maven-3.9.9\mvn_repo\org\aspectj\aspectjweaver\1.9.7\aspectjweaver-1.9.7.jar;D:\develop\apache-maven-3.9.9\mvn_repo\org\mybatis\spring\boot\mybatis-spring-boot-starter\2.2.2\mybatis-spring-boot-starter-2.2.2.jar;D:\develop\apache-maven-3.9.9\mvn_repo\org\springframework\boot\spring-boot-starter-jdbc\2.7.2\spring-boot-starter-jdbc-2.7.2.jar;D:\develop\apache-maven-3.9.9\mvn_repo\com\zaxxer\HikariCP\4.0.3\HikariCP-4.0.3.jar;D:\develop\apache-maven-3.9.9\mvn_repo\org\springframework\spring-jdbc\5.3.22\spring-jdbc-5.3.22.jar;D:\develop\apache-maven-3.9.9\mvn_repo\org\mybatis\spring\boot\mybatis-spring-boot-autoconfigure\2.2.2\mybatis-spring-boot-autoconfigure-2.2.2.jar;D:\develop\apache-maven-3.9.9\mvn_repo\org\mybatis\mybatis\3.5.9\mybatis-3.5.9.jar;D:\develop\apache-maven-3.9.9\mvn_repo\org\mybatis\mybatis-spring\2.0.7\mybatis-spring-2.0.7.jar;D:\develop\apache-maven-3.9.9\mvn_repo\com\baomidou\mybatis-plus-boot-starter\3.5.2\mybatis-plus-boot-starter-3.5.2.jar;D:\develop\apache-maven-3.9.9\mvn_repo\com\baomidou\mybatis-plus\3.5.2\mybatis-plus-3.5.2.jar;D:\develop\apache-maven-3.9.9\mvn_repo\com\baomidou\mybatis-plus-extension\3.5.2\mybatis-plus-extension-3.5.2.jar;D:\develop\apache-maven-3.9.9\mvn_repo\com\baomidou\mybatis-plus-core\3.5.2\mybatis-plus-core-3.5.2.jar;D:\develop\apache-maven-3.9.9\mvn_repo\com\baomidou\mybatis-plus-annotation\3.5.2\mybatis-plus-annotation-3.5.2.jar;D:\develop\apache-maven-3.9.9\mvn_repo\com\github\jsqlparser\jsqlparser\4.4\jsqlparser-4.4.jar;D:\develop\apache-maven-3.9.9\mvn_repo\org\jetbrains\kotlin\kotlin-stdlib-jdk8\1.6.21\kotlin-stdlib-jdk8-1.6.21.jar;D:\develop\apache-maven-3.9.9\mvn_repo\org\jetbrains\kotlin\kotlin-stdlib\1.6.21\kotlin-stdlib-1.6.21.jar;D:\develop\apache-maven-3.9.9\mvn_repo\org\jetbrains\kotlin\kotlin-stdlib-common\1.6.21\kotlin-stdlib-common-1.6.21.jar;D:\develop\apache-maven-3.9.9\mvn_repo\org\jetbrains\annotations\13.0\annotations-13.0.jar;D:\develop\apache-maven-3.9.9\mvn_repo\org\jetbrains\kotlin\kotlin-stdlib-jdk7\1.6.21\kotlin-stdlib-jdk7-1.6.21.jar;D:\develop\apache-maven-3.9.9\mvn_repo\org\springframework\boot\spring-boot-autoconfigure\2.7.2\spring-boot-autoconfigure-2.7.2.jar;D:\develop\apache-maven-3.9.9\mvn_repo\org\springframework\boot\spring-boot-starter-data-redis\2.7.2\spring-boot-starter-data-redis-2.7.2.jar;D:\develop\apache-maven-3.9.9\mvn_repo\org\springframework\data\spring-data-redis\2.7.2\spring-data-redis-2.7.2.jar;D:\develop\apache-maven-3.9.9\mvn_repo\org\springframework\data\spring-data-keyvalue\2.7.2\spring-data-keyvalue-2.7.2.jar;D:\develop\apache-maven-3.9.9\mvn_repo\org\springframework\spring-tx\5.3.22\spring-tx-5.3.22.jar;D:\develop\apache-maven-3.9.9\mvn_repo\org\springframework\spring-oxm\5.3.22\spring-oxm-5.3.22.jar;D:\develop\apache-maven-3.9.9\mvn_repo\io\lettuce\lettuce-core\6.1.9.RELEASE\lettuce-core-6.1.9.RELEASE.jar;D:\develop\apache-maven-3.9.9\mvn_repo\io\netty\netty-common\4.1.79.Final\netty-common-4.1.79.Final.jar;D:\develop\apache-maven-3.9.9\mvn_repo\io\netty\netty-handler\4.1.79.Final\netty-handler-4.1.79.Final.jar;D:\develop\apache-maven-3.9.9\mvn_repo\io\netty\netty-resolver\4.1.79.Final\netty-resolver-4.1.79.Final.jar;D:\develop\apache-maven-3.9.9\mvn_repo\io\netty\netty-buffer\4.1.79.Final\netty-buffer-4.1.79.Final.jar;D:\develop\apache-maven-3.9.9\mvn_repo\io\netty\netty-transport-native-unix-common\4.1.79.Final\netty-transport-native-unix-common-4.1.79.Final.jar;D:\develop\apache-maven-3.9.9\mvn_repo\io\netty\netty-codec\4.1.79.Final\netty-codec-4.1.79.Final.jar;D:\develop\apache-maven-3.9.9\mvn_repo\io\netty\netty-transport\4.1.79.Final\netty-transport-4.1.79.Final.jar;D:\develop\apache-maven-3.9.9\mvn_repo\io\projectreactor\reactor-core\3.4.21\reactor-core-3.4.21.jar;D:\develop\apache-maven-3.9.9\mvn_repo\org\reactivestreams\reactive-streams\1.0.4\reactive-streams-1.0.4.jar;D:\develop\apache-maven-3.9.9\mvn_repo\org\springframework\session\spring-session-data-redis\2.7.0\spring-session-data-redis-2.7.0.jar;D:\develop\apache-maven-3.9.9\mvn_repo\org\springframework\session\spring-session-core\2.7.0\spring-session-core-2.7.0.jar;D:\develop\apache-maven-3.9.9\mvn_repo\org\springframework\spring-jcl\5.3.22\spring-jcl-5.3.22.jar;D:\develop\apache-maven-3.9.9\mvn_repo\org\springframework\boot\spring-boot-starter-data-elasticsearch\2.7.2\spring-boot-starter-data-elasticsearch-2.7.2.jar;D:\develop\apache-maven-3.9.9\mvn_repo\org\springframework\data\spring-data-elasticsearch\4.4.2\spring-data-elasticsearch-4.4.2.jar;D:\develop\apache-maven-3.9.9\mvn_repo\org\springframework\data\spring-data-commons\2.7.2\spring-data-commons-2.7.2.jar;D:\develop\apache-maven-3.9.9\mvn_repo\org\elasticsearch\client\elasticsearch-rest-high-level-client\7.17.4\elasticsearch-rest-high-level-client-7.17.4.jar;D:\develop\apache-maven-3.9.9\mvn_repo\org\elasticsearch\elasticsearch\7.17.4\elasticsearch-7.17.4.jar;D:\develop\apache-maven-3.9.9\mvn_repo\org\elasticsearch\elasticsearch-core\7.17.4\elasticsearch-core-7.17.4.jar;D:\develop\apache-maven-3.9.9\mvn_repo\org\elasticsearch\elasticsearch-secure-sm\7.17.4\elasticsearch-secure-sm-7.17.4.jar;D:\develop\apache-maven-3.9.9\mvn_repo\org\elasticsearch\elasticsearch-x-content\7.17.4\elasticsearch-x-content-7.17.4.jar;D:\develop\apache-maven-3.9.9\mvn_repo\com\fasterxml\jackson\dataformat\jackson-dataformat-smile\2.13.3\jackson-dataformat-smile-2.13.3.jar;D:\develop\apache-maven-3.9.9\mvn_repo\com\fasterxml\jackson\dataformat\jackson-dataformat-yaml\2.13.3\jackson-dataformat-yaml-2.13.3.jar;D:\develop\apache-maven-3.9.9\mvn_repo\com\fasterxml\jackson\dataformat\jackson-dataformat-cbor\2.13.3\jackson-dataformat-cbor-2.13.3.jar;D:\develop\apache-maven-3.9.9\mvn_repo\org\elasticsearch\elasticsearch-geo\7.17.4\elasticsearch-geo-7.17.4.jar;D:\develop\apache-maven-3.9.9\mvn_repo\org\elasticsearch\elasticsearch-lz4\7.17.4\elasticsearch-lz4-7.17.4.jar;D:\develop\apache-maven-3.9.9\mvn_repo\org\lz4\lz4-java\1.8.0\lz4-java-1.8.0.jar;D:\develop\apache-maven-3.9.9\mvn_repo\org\apache\lucene\lucene-core\8.11.1\lucene-core-8.11.1.jar;D:\develop\apache-maven-3.9.9\mvn_repo\org\apache\lucene\lucene-analyzers-common\8.11.1\lucene-analyzers-common-8.11.1.jar;D:\develop\apache-maven-3.9.9\mvn_repo\org\apache\lucene\lucene-backward-codecs\8.11.1\lucene-backward-codecs-8.11.1.jar;D:\develop\apache-maven-3.9.9\mvn_repo\org\apache\lucene\lucene-grouping\8.11.1\lucene-grouping-8.11.1.jar;D:\develop\apache-maven-3.9.9\mvn_repo\org\apache\lucene\lucene-highlighter\8.11.1\lucene-highlighter-8.11.1.jar;D:\develop\apache-maven-3.9.9\mvn_repo\org\apache\lucene\lucene-join\8.11.1\lucene-join-8.11.1.jar;D:\develop\apache-maven-3.9.9\mvn_repo\org\apache\lucene\lucene-memory\8.11.1\lucene-memory-8.11.1.jar;D:\develop\apache-maven-3.9.9\mvn_repo\org\apache\lucene\lucene-misc\8.11.1\lucene-misc-8.11.1.jar;D:\develop\apache-maven-3.9.9\mvn_repo\org\apache\lucene\lucene-queries\8.11.1\lucene-queries-8.11.1.jar;D:\develop\apache-maven-3.9.9\mvn_repo\org\apache\lucene\lucene-queryparser\8.11.1\lucene-queryparser-8.11.1.jar;D:\develop\apache-maven-3.9.9\mvn_repo\org\apache\lucene\lucene-sandbox\8.11.1\lucene-sandbox-8.11.1.jar;D:\develop\apache-maven-3.9.9\mvn_repo\org\apache\lucene\lucene-spatial3d\8.11.1\lucene-spatial3d-8.11.1.jar;D:\develop\apache-maven-3.9.9\mvn_repo\org\apache\lucene\lucene-suggest\8.11.1\lucene-suggest-8.11.1.jar;D:\develop\apache-maven-3.9.9\mvn_repo\org\elasticsearch\elasticsearch-cli\7.17.4\elasticsearch-cli-7.17.4.jar;D:\develop\apache-maven-3.9.9\mvn_repo\net\sf\jopt-simple\jopt-simple\5.0.2\jopt-simple-5.0.2.jar;D:\develop\apache-maven-3.9.9\mvn_repo\com\carrotsearch\hppc\0.8.1\hppc-0.8.1.jar;D:\develop\apache-maven-3.9.9\mvn_repo\com\tdunning\t-digest\3.2\t-digest-3.2.jar;D:\develop\apache-maven-3.9.9\mvn_repo\org\hdrhistogram\HdrHistogram\2.1.9\HdrHistogram-2.1.9.jar;D:\develop\apache-maven-3.9.9\mvn_repo\net\java\dev\jna\jna\5.10.0\jna-5.10.0.jar;D:\develop\apache-maven-3.9.9\mvn_repo\org\elasticsearch\elasticsearch-plugin-classloader\7.17.4\elasticsearch-plugin-classloader-7.17.4.jar;D:\develop\apache-maven-3.9.9\mvn_repo\org\elasticsearch\plugin\mapper-extras-client\7.17.4\mapper-extras-client-7.17.4.jar;D:\develop\apache-maven-3.9.9\mvn_repo\org\elasticsearch\plugin\parent-join-client\7.17.4\parent-join-client-7.17.4.jar;D:\develop\apache-maven-3.9.9\mvn_repo\org\elasticsearch\plugin\aggs-matrix-stats-client\7.17.4\aggs-matrix-stats-client-7.17.4.jar;D:\develop\apache-maven-3.9.9\mvn_repo\org\elasticsearch\plugin\rank-eval-client\7.17.4\rank-eval-client-7.17.4.jar;D:\develop\apache-maven-3.9.9\mvn_repo\org\elasticsearch\plugin\lang-mustache-client\7.17.4\lang-mustache-client-7.17.4.jar;D:\develop\apache-maven-3.9.9\mvn_repo\com\github\spullara\mustache\java\compiler\0.9.6\compiler-0.9.6.jar;D:\develop\apache-maven-3.9.9\mvn_repo\co\elastic\clients\elasticsearch-java\7.17.4\elasticsearch-java-7.17.4.jar;D:\develop\apache-maven-3.9.9\mvn_repo\com\google\code\findbugs\jsr305\3.0.2\jsr305-3.0.2.jar;D:\develop\apache-maven-3.9.9\mvn_repo\jakarta\json\jakarta.json-api\1.1.6\jakarta.json-api-1.1.6.jar;D:\develop\apache-maven-3.9.9\mvn_repo\org\eclipse\parsson\parsson\1.0.0\parsson-1.0.0.jar;D:\develop\apache-maven-3.9.9\mvn_repo\org\elasticsearch\client\elasticsearch-rest-client\7.17.4\elasticsearch-rest-client-7.17.4.jar;D:\develop\apache-maven-3.9.9\mvn_repo\org\apache\httpcomponents\httpasyncclient\4.1.5\httpasyncclient-4.1.5.jar;D:\develop\apache-maven-3.9.9\mvn_repo\org\apache\httpcomponents\httpcore-nio\4.4.15\httpcore-nio-4.4.15.jar;D:\develop\apache-maven-3.9.9\mvn_repo\com\fasterxml\jackson\core\jackson-core\2.13.3\jackson-core-2.13.3.jar;D:\develop\apache-maven-3.9.9\mvn_repo\com\github\binarywang\wx-java-mp-spring-boot-starter\4.4.0\wx-java-mp-spring-boot-starter-4.4.0.jar;D:\develop\apache-maven-3.9.9\mvn_repo\com\github\binarywang\weixin-java-mp\4.4.0\weixin-java-mp-4.4.0.jar;D:\develop\apache-maven-3.9.9\mvn_repo\com\github\binarywang\weixin-java-common\4.4.0\weixin-java-common-4.4.0.jar;D:\develop\apache-maven-3.9.9\mvn_repo\com\thoughtworks\xstream\xstream\1.4.19\xstream-1.4.19.jar;D:\develop\apache-maven-3.9.9\mvn_repo\io\github\x-stream\mxparser\1.2.2\mxparser-1.2.2.jar;D:\develop\apache-maven-3.9.9\mvn_repo\xmlpull\xmlpull\1.1.3.1\xmlpull-1.1.3.1.jar;D:\develop\apache-maven-3.9.9\mvn_repo\org\apache\httpcomponents\httpmime\4.5.13\httpmime-4.5.13.jar;D:\develop\apache-maven-3.9.9\mvn_repo\org\slf4j\jcl-over-slf4j\1.7.36\jcl-over-slf4j-1.7.36.jar;D:\develop\apache-maven-3.9.9\mvn_repo\com\google\code\gson\gson\2.9.0\gson-2.9.0.jar;D:\develop\apache-maven-3.9.9\mvn_repo\commons-io\commons-io\2.7\commons-io-2.7.jar;D:\develop\apache-maven-3.9.9\mvn_repo\com\google\guava\guava\30.0-jre\guava-30.0-jre.jar;D:\develop\apache-maven-3.9.9\mvn_repo\com\google\guava\failureaccess\1.0.1\failureaccess-1.0.1.jar;D:\develop\apache-maven-3.9.9\mvn_repo\com\google\guava\listenablefuture\9999.0-empty-to-avoid-conflict-with-guava\listenablefuture-9999.0-empty-to-avoid-conflict-with-guava.jar;D:\develop\apache-maven-3.9.9\mvn_repo\org\checkerframework\checker-qual\3.5.0\checker-qual-3.5.0.jar;D:\develop\apache-maven-3.9.9\mvn_repo\com\google\errorprone\error_prone_annotations\2.3.4\error_prone_annotations-2.3.4.jar;D:\develop\apache-maven-3.9.9\mvn_repo\com\google\j2objc\j2objc-annotations\1.3\j2objc-annotations-1.3.jar;D:\develop\apache-maven-3.9.9\mvn_repo\javax\validation\validation-api\2.0.1.Final\validation-api-2.0.1.Final.jar;D:\develop\apache-maven-3.9.9\mvn_repo\org\dom4j\dom4j\2.1.3\dom4j-2.1.3.jar;D:\develop\apache-maven-3.9.9\mvn_repo\redis\clients\jedis\3.8.0\jedis-3.8.0.jar;D:\develop\apache-maven-3.9.9\mvn_repo\org\apache\commons\commons-pool2\2.11.1\commons-pool2-2.11.1.jar;D:\develop\apache-maven-3.9.9\mvn_repo\com\github\xiaoymin\knife4j-openapi2-spring-boot-starter\4.4.0\knife4j-openapi2-spring-boot-starter-4.4.0.jar;D:\develop\apache-maven-3.9.9\mvn_repo\com\github\xiaoymin\knife4j-core\4.4.0\knife4j-core-4.4.0.jar;D:\develop\apache-maven-3.9.9\mvn_repo\com\github\xiaoymin\knife4j-openapi2-ui\4.4.0\knife4j-openapi2-ui-4.4.0.jar;D:\develop\apache-maven-3.9.9\mvn_repo\org\javassist\javassist\3.25.0-GA\javassist-3.25.0-GA.jar;D:\develop\apache-maven-3.9.9\mvn_repo\io\springfox\springfox-swagger2\2.10.5\springfox-swagger2-2.10.5.jar;D:\develop\apache-maven-3.9.9\mvn_repo\io\springfox\springfox-spi\2.10.5\springfox-spi-2.10.5.jar;D:\develop\apache-maven-3.9.9\mvn_repo\io\springfox\springfox-core\2.10.5\springfox-core-2.10.5.jar;D:\develop\apache-maven-3.9.9\mvn_repo\io\springfox\springfox-schema\2.10.5\springfox-schema-2.10.5.jar;D:\develop\apache-maven-3.9.9\mvn_repo\io\springfox\springfox-swagger-common\2.10.5\springfox-swagger-common-2.10.5.jar;D:\develop\apache-maven-3.9.9\mvn_repo\io\springfox\springfox-spring-web\2.10.5\springfox-spring-web-2.10.5.jar;D:\develop\apache-maven-3.9.9\mvn_repo\io\github\classgraph\classgraph\4.1.7\classgraph-4.1.7.jar;D:\develop\apache-maven-3.9.9\mvn_repo\com\fasterxml\classmate\1.5.1\classmate-1.5.1.jar;D:\develop\apache-maven-3.9.9\mvn_repo\org\springframework\plugin\spring-plugin-core\2.0.0.RELEASE\spring-plugin-core-2.0.0.RELEASE.jar;D:\develop\apache-maven-3.9.9\mvn_repo\org\springframework\plugin\spring-plugin-metadata\2.0.0.RELEASE\spring-plugin-metadata-2.0.0.RELEASE.jar;D:\develop\apache-maven-3.9.9\mvn_repo\org\mapstruct\mapstruct\1.3.1.Final\mapstruct-1.3.1.Final.jar;D:\develop\apache-maven-3.9.9\mvn_repo\io\swagger\swagger-models\1.6.6\swagger-models-1.6.6.jar;D:\develop\apache-maven-3.9.9\mvn_repo\com\fasterxml\jackson\core\jackson-annotations\2.13.3\jackson-annotations-2.13.3.jar;D:\develop\apache-maven-3.9.9\mvn_repo\io\swagger\swagger-annotations\1.6.6\swagger-annotations-1.6.6.jar;D:\develop\apache-maven-3.9.9\mvn_repo\io\springfox\springfox-bean-validators\2.10.5\springfox-bean-validators-2.10.5.jar;D:\develop\apache-maven-3.9.9\mvn_repo\io\springfox\springfox-spring-webmvc\2.10.5\springfox-spring-webmvc-2.10.5.jar;D:\develop\apache-maven-3.9.9\mvn_repo\com\qcloud\cos_api\5.6.89\cos_api-5.6.89.jar;D:\develop\apache-maven-3.9.9\mvn_repo\org\apache\httpcomponents\httpclient\4.5.13\httpclient-4.5.13.jar;D:\develop\apache-maven-3.9.9\mvn_repo\org\apache\httpcomponents\httpcore\4.4.15\httpcore-4.4.15.jar;D:\develop\apache-maven-3.9.9\mvn_repo\org\slf4j\slf4j-api\1.7.36\slf4j-api-1.7.36.jar;D:\develop\apache-maven-3.9.9\mvn_repo\commons-codec\commons-codec\1.15\commons-codec-1.15.jar;D:\develop\apache-maven-3.9.9\mvn_repo\joda-time\joda-time\2.9.9\joda-time-2.9.9.jar;D:\develop\apache-maven-3.9.9\mvn_repo\com\fasterxml\jackson\core\jackson-databind\2.13.3\jackson-databind-2.13.3.jar;D:\develop\apache-maven-3.9.9\mvn_repo\com\tencentcloudapi\tencentcloud-sdk-java-kms\3.1.213\tencentcloud-sdk-java-kms-3.1.213.jar;D:\develop\apache-maven-3.9.9\mvn_repo\com\tencentcloudapi\tencentcloud-sdk-java-common\3.1.213\tencentcloud-sdk-java-common-3.1.213.jar;D:\develop\apache-maven-3.9.9\mvn_repo\commons-logging\commons-logging\1.2\commons-logging-1.2.jar;D:\develop\apache-maven-3.9.9\mvn_repo\com\squareup\okhttp\logging-interceptor\2.7.5\logging-interceptor-2.7.5.jar;D:\develop\apache-maven-3.9.9\mvn_repo\com\squareup\okhttp\okhttp\2.7.5\okhttp-2.7.5.jar;D:\develop\apache-maven-3.9.9\mvn_repo\com\squareup\okio\okio\1.12.0\okio-1.12.0.jar;D:\develop\apache-maven-3.9.9\mvn_repo\javax\xml\bind\jaxb-api\2.3.1\jaxb-api-2.3.1.jar;D:\develop\apache-maven-3.9.9\mvn_repo\javax\activation\javax.activation-api\1.2.0\javax.activation-api-1.2.0.jar;D:\develop\apache-maven-3.9.9\mvn_repo\org\bouncycastle\bcprov-jdk15on\1.67\bcprov-jdk15on-1.67.jar;D:\develop\apache-maven-3.9.9\mvn_repo\org\apache\commons\commons-lang3\3.12.0\commons-lang3-3.12.0.jar;D:\develop\apache-maven-3.9.9\mvn_repo\com\alibaba\easyexcel\3.1.1\easyexcel-3.1.1.jar;D:\develop\apache-maven-3.9.9\mvn_repo\com\alibaba\easyexcel-core\3.1.1\easyexcel-core-3.1.1.jar;D:\develop\apache-maven-3.9.9\mvn_repo\com\alibaba\easyexcel-support\3.1.1\easyexcel-support-3.1.1.jar;D:\develop\apache-maven-3.9.9\mvn_repo\org\apache\poi\poi\4.1.2\poi-4.1.2.jar;D:\develop\apache-maven-3.9.9\mvn_repo\org\apache\commons\commons-collections4\4.4\commons-collections4-4.4.jar;D:\develop\apache-maven-3.9.9\mvn_repo\org\apache\commons\commons-math3\3.6.1\commons-math3-3.6.1.jar;D:\develop\apache-maven-3.9.9\mvn_repo\com\zaxxer\SparseBitSet\1.2\SparseBitSet-1.2.jar;D:\develop\apache-maven-3.9.9\mvn_repo\org\apache\poi\poi-ooxml\4.1.2\poi-ooxml-4.1.2.jar;D:\develop\apache-maven-3.9.9\mvn_repo\org\apache\commons\commons-compress\1.19\commons-compress-1.19.jar;D:\develop\apache-maven-3.9.9\mvn_repo\com\github\virtuald\curvesapi\1.06\curvesapi-1.06.jar;D:\develop\apache-maven-3.9.9\mvn_repo\org\apache\poi\poi-ooxml-schemas\4.1.2\poi-ooxml-schemas-4.1.2.jar;D:\develop\apache-maven-3.9.9\mvn_repo\org\apache\xmlbeans\xmlbeans\3.1.0\xmlbeans-3.1.0.jar;D:\develop\apache-maven-3.9.9\mvn_repo\org\apache\commons\commons-csv\1.8\commons-csv-1.8.jar;D:\develop\apache-maven-3.9.9\mvn_repo\org\ehcache\ehcache\3.10.0\ehcache-3.10.0.jar;D:\develop\apache-maven-3.9.9\mvn_repo\javax\cache\cache-api\1.1.1\cache-api-1.1.1.jar;D:\develop\apache-maven-3.9.9\mvn_repo\org\glassfish\jaxb\jaxb-runtime\2.3.6\jaxb-runtime-2.3.6.jar;D:\develop\apache-maven-3.9.9\mvn_repo\org\glassfish\jaxb\txw2\2.3.6\txw2-2.3.6.jar;D:\develop\apache-maven-3.9.9\mvn_repo\com\sun\istack\istack-commons-runtime\3.0.12\istack-commons-runtime-3.0.12.jar;D:\develop\apache-maven-3.9.9\mvn_repo\com\sun\activation\jakarta.activation\1.2.2\jakarta.activation-1.2.2.jar;D:\develop\apache-maven-3.9.9\mvn_repo\cn\hutool\hutool-all\5.8.8\hutool-all-5.8.8.jar;D:\develop\apache-maven-3.9.9\mvn_repo\org\jsoup\jsoup\1.17.2\jsoup-1.17.2.jar;D:\develop\apache-maven-3.9.9\mvn_repo\org\springframework\boot\spring-boot-devtools\2.7.2\spring-boot-devtools-2.7.2.jar;D:\develop\apache-maven-3.9.9\mvn_repo\org\springframework\boot\spring-boot\2.7.2\spring-boot-2.7.2.jar;D:\develop\apache-maven-3.9.9\mvn_repo\mysql\mysql-connector-java\8.0.29\mysql-connector-java-8.0.29.jar;D:\develop\apache-maven-3.9.9\mvn_repo\org\springframework\boot\spring-boot-configuration-processor\2.7.2\spring-boot-configuration-processor-2.7.2.jar;D:\develop\apache-maven-3.9.9\mvn_repo\org\projectlombok\lombok\1.18.32\lombok-1.18.32.jar;D:\develop\apache-maven-3.9.9\mvn_repo\org\springframework\boot\spring-boot-starter-test\2.7.2\spring-boot-starter-test-2.7.2.jar;D:\develop\apache-maven-3.9.9\mvn_repo\org\springframework\boot\spring-boot-test\2.7.2\spring-boot-test-2.7.2.jar;D:\develop\apache-maven-3.9.9\mvn_repo\org\springframework\boot\spring-boot-test-autoconfigure\2.7.2\spring-boot-test-autoconfigure-2.7.2.jar;D:\develop\apache-maven-3.9.9\mvn_repo\com\jayway\jsonpath\json-path\2.7.0\json-path-2.7.0.jar;D:\develop\apache-maven-3.9.9\mvn_repo\net\minidev\json-smart\2.4.8\json-smart-2.4.8.jar;D:\develop\apache-maven-3.9.9\mvn_repo\net\minidev\accessors-smart\2.4.8\accessors-smart-2.4.8.jar;D:\develop\apache-maven-3.9.9\mvn_repo\org\ow2\asm\asm\9.1\asm-9.1.jar;D:\develop\apache-maven-3.9.9\mvn_repo\jakarta\xml\bind\jakarta.xml.bind-api\2.3.3\jakarta.xml.bind-api-2.3.3.jar;D:\develop\apache-maven-3.9.9\mvn_repo\jakarta\activation\jakarta.activation-api\1.2.2\jakarta.activation-api-1.2.2.jar;D:\develop\apache-maven-3.9.9\mvn_repo\org\assertj\assertj-core\3.22.0\assertj-core-3.22.0.jar;D:\develop\apache-maven-3.9.9\mvn_repo\org\hamcrest\hamcrest\2.2\hamcrest-2.2.jar;D:\develop\apache-maven-3.9.9\mvn_repo\org\junit\jupiter\junit-jupiter\5.8.2\junit-jupiter-5.8.2.jar;D:\develop\apache-maven-3.9.9\mvn_repo\org\junit\jupiter\junit-jupiter-api\5.8.2\junit-jupiter-api-5.8.2.jar;D:\develop\apache-maven-3.9.9\mvn_repo\org\opentest4j\opentest4j\1.2.0\opentest4j-1.2.0.jar;D:\develop\apache-maven-3.9.9\mvn_repo\org\junit\platform\junit-platform-commons\1.8.2\junit-platform-commons-1.8.2.jar;D:\develop\apache-maven-3.9.9\mvn_repo\org\apiguardian\apiguardian-api\1.1.2\apiguardian-api-1.1.2.jar;D:\develop\apache-maven-3.9.9\mvn_repo\org\junit\jupiter\junit-jupiter-params\5.8.2\junit-jupiter-params-5.8.2.jar;D:\develop\apache-maven-3.9.9\mvn_repo\org\junit\jupiter\junit-jupiter-engine\5.8.2\junit-jupiter-engine-5.8.2.jar;D:\develop\apache-maven-3.9.9\mvn_repo\org\junit\platform\junit-platform-engine\1.8.2\junit-platform-engine-1.8.2.jar;D:\develop\apache-maven-3.9.9\mvn_repo\org\mockito\mockito-core\4.5.1\mockito-core-4.5.1.jar;D:\develop\apache-maven-3.9.9\mvn_repo\net\bytebuddy\byte-buddy\1.12.12\byte-buddy-1.12.12.jar;D:\develop\apache-maven-3.9.9\mvn_repo\net\bytebuddy\byte-buddy-agent\1.12.12\byte-buddy-agent-1.12.12.jar;D:\develop\apache-maven-3.9.9\mvn_repo\org\objenesis\objenesis\3.2\objenesis-3.2.jar;D:\develop\apache-maven-3.9.9\mvn_repo\org\mockito\mockito-junit-jupiter\4.5.1\mockito-junit-jupiter-4.5.1.jar;D:\develop\apache-maven-3.9.9\mvn_repo\org\skyscreamer\jsonassert\1.5.1\jsonassert-1.5.1.jar;D:\develop\apache-maven-3.9.9\mvn_repo\com\vaadin\external\google\android-json\0.0.20131108.vaadin1\android-json-0.0.20131108.vaadin1.jar;D:\develop\apache-maven-3.9.9\mvn_repo\org\springframework\spring-core\5.3.22\spring-core-5.3.22.jar;D:\develop\apache-maven-3.9.9\mvn_repo\org\springframework\spring-test\5.3.22\spring-test-5.3.22.jar;D:\develop\apache-maven-3.9.9\mvn_repo\org\xmlunit\xmlunit-core\2.9.0\xmlunit-core-2.9.0.jar;"/>
    <property name="sun.cpu.endian" value="little"/>
    <property name="user.home" value="C:\Users\leeyou"/>
    <property name="user.language" value="zh"/>
    <property name="java.specification.vendor" value="Oracle Corporation"/>
    <property name="java.version.date" value="2024-10-15"/>
    <property name="java.home" value="D:\java"/>
    <property name="file.separator" value="\"/>
    <property name="basedir" value="D:\code\search-leeyou\search-leeyou-backend"/>
    <property name="java.vm.compressedOopsMode" value="Zero based"/>
    <property name="line.separator" value="&#10;"/>
    <property name="java.vm.specification.vendor" value="Oracle Corporation"/>
    <property name="java.specification.name" value="Java Platform API Specification"/>
    <property name="surefire.real.class.path" value="C:\Users\leeyou\AppData\Local\Temp\surefire16530858574731011621\surefirebooter11675431789423401389.jar"/>
    <property name="user.script" value=""/>
    <property name="sun.management.compiler" value="HotSpot 64-Bit Tiered Compilers"/>
    <property name="java.runtime.version" value="21.0.5+9-LTS-239"/>
    <property name="user.name" value="leeyou"/>
    <property name="stdout.encoding" value="GBK"/>
    <property name="path.separator" value=";"/>
    <property name="os.version" value="10.0"/>
    <property name="java.runtime.name" value="Java(TM) SE Runtime Environment"/>
    <property name="file.encoding" value="UTF-8"/>
    <property name="java.vm.name" value="Java HotSpot(TM) 64-Bit Server VM"/>
    <property name="localRepository" value="D:\develop\apache-maven-3.9.9\mvn_repo"/>
    <property name="java.vendor.url.bug" value="https://bugreport.java.com/bugreport/"/>
    <property name="java.io.tmpdir" value="C:\Users\leeyou\AppData\Local\Temp\"/>
    <property name="idea.version" value="2024.2.4"/>
    <property name="java.version" value="21.0.5"/>
    <property name="user.dir" value="D:\code\search-leeyou\search-leeyou-backend"/>
    <property name="os.arch" value="amd64"/>
    <property name="java.vm.specification.name" value="Java Virtual Machine Specification"/>
    <property name="sun.os.patch.level" value=""/>
    <property name="native.encoding" value="GBK"/>
    <property name="java.library.path" value="D:\java\bin;C:\Windows\Sun\Java\bin;C:\Windows\system32;C:\Windows;C:\Program Files\Microsoft MPI\Bin\;C:\Program Files (x86)\VMware\VMware Workstation\bin\;C:\Python312\Scripts\;C:\Python312\;D:\java\bin;C:\Program Files (x86)\Razer Chroma SDK\bin;C:\Program Files\Razer Chroma SDK\bin;C:\SIMULIA\Commands;C:\Program Files (x86)\Razer\ChromaBroadcast\bin;C:\Program Files\Razer\ChromaBroadcast\bin;C:\Windows\system32;C:\Windows;C:\Windows\System32\Wbem;C:\Windows\System32\WindowsPowerShell\v1.0\;C:\Windows\System32\OpenSSH\;C:\Program Files\Bandizip\;C:\Program Files (x86)\NVIDIA Corporation\PhysX\Common;C:\Program Files\dotnet\;C:\Windows\system32\config\systemprofile\AppData\Local\Microsoft\WindowsApps;C:\Program Files (x86)\PDFtk Server\bin\;C:\Program Files\Calibre2\;C:\Program Files\Git\cmd;C:\Program Files\Common Files\Oracle\Java\;C:\ProgramData\chocolatey\bin;E:\ANACONDA\Library\mingw-w64\bin;E:\ANACONDA;E:\ANACONDA\Scripts;E:\ANACONDA\Library\bin;D:\develop\mysql-8.4.3-winx64\bin;D:\develop\apache-maven-3.9.9\bin;D:\develop\apache-tomcat-10.1.33\lib;D:\develop\apache-tomcat-10.1.33\bin;D:\develop\apache-tomcat-10.1.33\lib;D:\develop\apache-tomcat-10.1.33\lib\servlet-api.jar;D:\develop\Redis-x64-5.0.14.1;C:\Program Files\NVIDIA Corporation\NVIDIA app\NvDLISR;C:\Program Files (x86)\NetSarang\Xshell 8\;C:\Program Files\Git LFS;C:\Program Files\Docker\Docker\resources\bin;D:\develop\nvm;D:\develop\nodejs-vm;D:\PKPMMAININFOS\python-3\Scripts\;D:\PKPMMAININFOS\python-3\;C:\Users\leeyou\AppData\Local\Microsoft\WindowsApps;C:\Users\leeyou\.dotnet\tools;C:\Users\leeyou\AppData\Local\Programs\Microsoft VS Code\bin;C:\Program Files\JetBrains\PyCharm 2024.2.4\bin;;D:\develop\IntelliJ IDEA 2024.2.4\bin;;D:\develop\DataGrip 2024.3\bin;;D:\develop\WebStorm 2024.3\bin;;C:\Users\leeyou\AppData\Local\GitHubDesktop\bin;C:\Users\leeyou\AppData\Roaming\npm;D:\develop\nvm;D:\develop\nodejs-vm;."/>
    <property name="java.vm.info" value="mixed mode, sharing"/>
    <property name="stderr.encoding" value="GBK"/>
    <property name="java.vendor" value="Oracle Corporation"/>
    <property name="java.vm.version" value="21.0.5+9-LTS-239"/>
    <property name="sun.io.unicode.encoding" value="UnicodeLittle"/>
    <property name="java.class.version" value="65.0"/>
  </properties>
  <testcase name="userRegister" classname="com.leeyou.search.service.UserServiceTest" time="0.015"/>
</testsuite>